#-----------------------------------------------------------
# Vivado Lab Edition v2019.2 (64-bit)
# SW Build 2708876 on Wed Nov  6 21:39:14 MST 2019
# 
# Start of session at: Wed Oct  4 14:07:03 2023
# Process ID: 27611
# Current directory: /home/muonuser/gitfolder/phase2_MiniDAQ_Robert
# Command line: vivado_lab
# Log file: /home/muonuser/gitfolder/phase2_MiniDAQ_Robert/vivado_lab.log
# Journal file: /home/muonuser/gitfolder/phase2_MiniDAQ_Robert/vivado_lab.jou
#-----------------------------------------------------------
start_gui
open_hw_manager
INFO: [Labtools 27-2285] Connecting to hw_server url TCP:localhost:3121
INFO: [Labtools 27-2222] Launching hw_server...
INFO: [Labtools 27-2221] Launch Output:

****** Xilinx hw_server v2019.2
  **** Build date : Nov  6 2019 at 22:13:42
    ** Copyright 1986-2019 Xilinx, Inc. All Rights Reserved.


INFO: [Labtools 27-3415] Connecting to cs_server url TCP:localhost:3042
INFO: [Labtools 27-3417] Launching cs_server...
INFO: [Labtools 27-2221] Launch Output:
[?1034h

****** Xilinx cs_server v2019.2.0
  **** Build date : Nov 07 2019-00:41:48
    ** Copyright 2017-2019 Xilinx, Inc. All Rights Reserved.



connect_hw_server -url localhost:3121 -allow_non_jtag
INFO: [Labtools 27-2285] Connecting to hw_server url TCP:localhost:3121
INFO: [Labtools 27-3415] Connecting to cs_server url TCP:localhost:3042
INFO: [Labtools 27-3414] Connected to existing cs_server.
current_hw_target [get_hw_targets */xilinx_tcf/Xilinx/00000000000000]
set_property PARAM.FREQUENCY 6000000 [get_hw_targets */xilinx_tcf/Xilinx/00000000000000]
open_hw_target
INFO: [Labtoolstcl 44-466] Opening hw_target localhost:3121/xilinx_tcf/Xilinx/00000000000000
current_hw_device [get_hw_devices xcku035_0]
refresh_hw_device -update_hw_probes false [lindex [get_hw_devices xcku035_0] 0]
INFO: [Labtools 27-2302] Device xcku035 (JTAG device index = 0) is programmed with a design that has 13 ILA core(s).
INFO: [Labtools 27-2302] Device xcku035 (JTAG device index = 0) is programmed with a design that has 5 VIO core(s).
refresh_hw_device: Time (s): cpu = 00:00:54 ; elapsed = 00:00:31 . Memory (MB): peak = 7380.152 ; gain = 1085.512 ; free physical = 3244 ; free virtual = 37511
set_property PROBES.FILE {/home/muonuser/gitfolder/phase2_MiniDAQ_Robert/firmware/lpgbtfpga_xcku035_10g24_top.ltx} [get_hw_devices xcku035_0]
set_property FULL_PROBES.FILE {/home/muonuser/gitfolder/phase2_MiniDAQ_Robert/firmware/lpgbtfpga_xcku035_10g24_top.ltx} [get_hw_devices xcku035_0]
set_property PROGRAM.FILE {/home/muonuser/gitfolder/phase2_MiniDAQ_Robert/firmware/lpgbtfpga_xcku035_10g24_top.bit} [get_hw_devices xcku035_0]
program_hw_devices [get_hw_devices xcku035_0]
INFO: [Labtools 27-3164] End of startup status: HIGH
program_hw_devices: Time (s): cpu = 00:00:51 ; elapsed = 00:00:48 . Memory (MB): peak = 7389.293 ; gain = 0.000 ; free physical = 3281 ; free virtual = 37547
refresh_hw_device [lindex [get_hw_devices xcku035_0] 0]
INFO: [Labtools 27-2302] Device xcku035 (JTAG device index = 0) is programmed with a design that has 13 ILA core(s).
INFO: [Labtools 27-2302] Device xcku035 (JTAG device index = 0) is programmed with a design that has 5 VIO core(s).
INFO: [Labtools 27-1889] Uploading output probe values for VIO core [hw_vio_1]
INFO: [Labtools 27-1889] Uploading output probe values for VIO core [hw_vio_3]
INFO: [Labtools 27-1889] Uploading output probe values for VIO core [hw_vio_4]
INFO: [Labtools 27-1889] Uploading output probe values for VIO core [hw_vio_5]
refresh_hw_device: Time (s): cpu = 00:00:05 ; elapsed = 00:00:06 . Memory (MB): peak = 7394.777 ; gain = 5.484 ; free physical = 3231 ; free virtual = 37497
display_hw_ila_data [ get_hw_ila_data hw_ila_data_1 -of_objects [get_hw_ilas -of_objects [get_hw_devices xcku035_0] -filter {CELL_NAME=~"gbtsc_inst/ic_inst/rx_inst/ila_ic_rx_inst"}]]
display_hw_ila_data [ get_hw_ila_data hw_ila_data_2 -of_objects [get_hw_ilas -of_objects [get_hw_devices xcku035_0] -filter {CELL_NAME=~"gbtsc_inst/ic_inst/tx_inst/ila_ic_tx_inst"}]]
display_hw_ila_data [ get_hw_ila_data hw_ila_data_3 -of_objects [get_hw_ilas -of_objects [get_hw_devices xcku035_0] -filter {CELL_NAME=~"tdc_decoder_top_inst/inst_event_builder_triggerless/ila_event_builder_inst"}]]
display_hw_ila_data [ get_hw_ila_data hw_ila_data_4 -of_objects [get_hw_ilas -of_objects [get_hw_devices xcku035_0] -filter {CELL_NAME=~"tdc_decoder_top_inst/inst_event_builder_triggermode/ila_event_builder_triggermode_inst"}]]
display_hw_ila_data [ get_hw_ila_data hw_ila_data_5 -of_objects [get_hw_ilas -of_objects [get_hw_devices xcku035_0] -filter {CELL_NAME=~"tdc_decoder_top_inst/inst_trigger_interface/ila_trigger_interface_inst"}]]
display_hw_ila_data [ get_hw_ila_data hw_ila_data_6 -of_objects [get_hw_ilas -of_objects [get_hw_devices xcku035_0] -filter {CELL_NAME=~"tdc_decoder_top_inst/tdcv2_decoder_wrapper_master/tdcv2_decoder[0].inst_tdcv2_decoder/channel_align_32b_trigger_inst/ila_channel_align_trigger_inst"}]]
display_hw_ila_data [ get_hw_ila_data hw_ila_data_7 -of_objects [get_hw_ilas -of_objects [get_hw_devices xcku035_0] -filter {CELL_NAME=~"tdc_decoder_top_inst/tdcv2_decoder_wrapper_master/tdcv2_decoder[0].inst_tdcv2_decoder/trigger_matching_inst/ila_ram_inst"}]]
display_hw_ila_data [ get_hw_ila_data hw_ila_data_8 -of_objects [get_hw_ilas -of_objects [get_hw_devices xcku035_0] -filter {CELL_NAME=~"tdc_decoder_top_inst/tdcv2_decoder_wrapper_master/tdcv2_decoder[1].inst_tdcv2_decoder/channel_align_32b_trigger_inst/ila_channel_align_trigger_inst"}]]
display_hw_ila_data [ get_hw_ila_data hw_ila_data_9 -of_objects [get_hw_ilas -of_objects [get_hw_devices xcku035_0] -filter {CELL_NAME=~"tdc_decoder_top_inst/tdcv2_decoder_wrapper_master/tdcv2_decoder[1].inst_tdcv2_decoder/trigger_matching_inst/ila_ram_inst"}]]
display_hw_ila_data [ get_hw_ila_data hw_ila_data_10 -of_objects [get_hw_ilas -of_objects [get_hw_devices xcku035_0] -filter {CELL_NAME=~"tdc_decoder_top_inst/tdcv2_decoder_wrapper_master/tdcv2_decoder[2].inst_tdcv2_decoder/channel_align_32b_trigger_inst/ila_channel_align_trigger_inst"}]]
display_hw_ila_data [ get_hw_ila_data hw_ila_data_11 -of_objects [get_hw_ilas -of_objects [get_hw_devices xcku035_0] -filter {CELL_NAME=~"tdc_decoder_top_inst/tdcv2_decoder_wrapper_master/tdcv2_decoder[2].inst_tdcv2_decoder/trigger_matching_inst/ila_ram_inst"}]]
display_hw_ila_data [ get_hw_ila_data hw_ila_data_12 -of_objects [get_hw_ilas -of_objects [get_hw_devices xcku035_0] -filter {CELL_NAME=~"tdc_decoder_top_inst/tdcv2_decoder_wrapper_master/tdcv2_decoder[3].inst_tdcv2_decoder/channel_align_32b_trigger_inst/ila_channel_align_trigger_inst"}]]
display_hw_ila_data [ get_hw_ila_data hw_ila_data_13 -of_objects [get_hw_ilas -of_objects [get_hw_devices xcku035_0] -filter {CELL_NAME=~"tdc_decoder_top_inst/tdcv2_decoder_wrapper_master/tdcv2_decoder[3].inst_tdcv2_decoder/trigger_matching_inst/ila_ram_inst"}]]
set_property NAME.SELECT short [get_hw_probes config_group0_i -of_objects [get_hw_vios -of_objects [get_hw_devices xcku035_0] -filter {CELL_NAME=~"vio_debug_inst"}]] 
set_property NAME.SELECT short [get_hw_probes config_group1_i -of_objects [get_hw_vios -of_objects [get_hw_devices xcku035_0] -filter {CELL_NAME=~"vio_debug_inst"}]] 
set_property NAME.SELECT short [get_hw_probes config_group2_i -of_objects [get_hw_vios -of_objects [get_hw_devices xcku035_0] -filter {CELL_NAME=~"vio_debug_inst"}]] 
set_property NAME.SELECT short [get_hw_probes config_group3_i -of_objects [get_hw_vios -of_objects [get_hw_devices xcku035_0] -filter {CELL_NAME=~"vio_debug_inst"}]] 
set_property NAME.SELECT short [get_hw_probes downlink_gen_rdy_s -of_objects [get_hw_vios -of_objects [get_hw_devices xcku035_0] -filter {CELL_NAME=~"vio_debug_inst"}]] 
set_property NAME.SELECT short [get_hw_probes downLinkBypassFECEncoder_i -of_objects [get_hw_vios -of_objects [get_hw_devices xcku035_0] -filter {CELL_NAME=~"vio_debug_inst"}]] 
set_property NAME.SELECT short [get_hw_probes downLinkBypassInterleaver_i -of_objects [get_hw_vios -of_objects [get_hw_devices xcku035_0] -filter {CELL_NAME=~"vio_debug_inst"}]] 
set_property NAME.SELECT short [get_hw_probes downLinkBypassScrambler_i -of_objects [get_hw_vios -of_objects [get_hw_devices xcku035_0] -filter {CELL_NAME=~"vio_debug_inst"}]] 
set_property NAME.SELECT short [get_hw_probes downlinkPhase_s -of_objects [get_hw_vios -of_objects [get_hw_devices xcku035_0] -filter {CELL_NAME=~"vio_debug_inst"}]] 
set_property NAME.SELECT short [get_hw_probes downlinkPhaseCalib_i -of_objects [get_hw_vios -of_objects [get_hw_devices xcku035_0] -filter {CELL_NAME=~"vio_debug_inst"}]] 
set_property NAME.SELECT short [get_hw_probes downlinkPhaseForce_i -of_objects [get_hw_vios -of_objects [get_hw_devices xcku035_0] -filter {CELL_NAME=~"vio_debug_inst"}]] 
set_property NAME.SELECT short [get_hw_probes downlinkRst_i -of_objects [get_hw_vios -of_objects [get_hw_devices xcku035_0] -filter {CELL_NAME=~"vio_debug_inst"}]] 
set_property NAME.SELECT short [get_hw_probes generator_rst_i -of_objects [get_hw_vios -of_objects [get_hw_devices xcku035_0] -filter {CELL_NAME=~"vio_debug_inst"}]] 
set_property NAME.SELECT short [get_hw_probes lpgbtfpga_downlinkrdy_s -of_objects [get_hw_vios -of_objects [get_hw_devices xcku035_0] -filter {CELL_NAME=~"vio_debug_inst"}]] 
set_property NAME.SELECT short [get_hw_probes lpgbtfpga_mgt_txaligned_s -of_objects [get_hw_vios -of_objects [get_hw_devices xcku035_0] -filter {CELL_NAME=~"vio_debug_inst"}]] 
set_property NAME.SELECT short [get_hw_probes lpgbtfpga_mgt_txpiphase_s -of_objects [get_hw_vios -of_objects [get_hw_devices xcku035_0] -filter {CELL_NAME=~"vio_debug_inst"}]] 
set_property NAME.SELECT short [get_hw_probes lpgbtfpga_uplinkrdy_s -of_objects [get_hw_vios -of_objects [get_hw_devices xcku035_0] -filter {CELL_NAME=~"vio_debug_inst"}]] 
set_property NAME.SELECT short [get_hw_probes mgt_rxpolarity_i -of_objects [get_hw_vios -of_objects [get_hw_devices xcku035_0] -filter {CELL_NAME=~"vio_debug_inst"}]] 
set_property NAME.SELECT short [get_hw_probes mgt_txcalib_i -of_objects [get_hw_vios -of_objects [get_hw_devices xcku035_0] -filter {CELL_NAME=~"vio_debug_inst"}]] 
set_property NAME.SELECT short [get_hw_probes mgt_txcaliben_i -of_objects [get_hw_vios -of_objects [get_hw_devices xcku035_0] -filter {CELL_NAME=~"vio_debug_inst"}]] 
set_property NAME.SELECT short [get_hw_probes mgt_txpolarity_i -of_objects [get_hw_vios -of_objects [get_hw_devices xcku035_0] -filter {CELL_NAME=~"vio_debug_inst"}]] 
set_property NAME.SELECT short [get_hw_probes reset_upchecker_s -of_objects [get_hw_vios -of_objects [get_hw_devices xcku035_0] -filter {CELL_NAME=~"vio_debug_inst"}]] 
set_property NAME.SELECT short [get_hw_probes {upelink_config_s[0]} -of_objects [get_hw_vios -of_objects [get_hw_devices xcku035_0] -filter {CELL_NAME=~"vio_debug_inst"}]] 
set_property NAME.SELECT short [get_hw_probes {upelink_config_s[1]} -of_objects [get_hw_vios -of_objects [get_hw_devices xcku035_0] -filter {CELL_NAME=~"vio_debug_inst"}]] 
set_property NAME.SELECT short [get_hw_probes {upelink_config_s[2]} -of_objects [get_hw_vios -of_objects [get_hw_devices xcku035_0] -filter {CELL_NAME=~"vio_debug_inst"}]] 
set_property NAME.SELECT short [get_hw_probes {upelink_config_s[3]} -of_objects [get_hw_vios -of_objects [get_hw_devices xcku035_0] -filter {CELL_NAME=~"vio_debug_inst"}]] 
set_property NAME.SELECT short [get_hw_probes {upelink_config_s[4]} -of_objects [get_hw_vios -of_objects [get_hw_devices xcku035_0] -filter {CELL_NAME=~"vio_debug_inst"}]] 
set_property NAME.SELECT short [get_hw_probes {upelink_config_s[5]} -of_objects [get_hw_vios -of_objects [get_hw_devices xcku035_0] -filter {CELL_NAME=~"vio_debug_inst"}]] 
set_property NAME.SELECT short [get_hw_probes {upelink_config_s[6]} -of_objects [get_hw_vios -of_objects [get_hw_devices xcku035_0] -filter {CELL_NAME=~"vio_debug_inst"}]] 
set_property NAME.SELECT short [get_hw_probes {upelink_config_s[7]} -of_objects [get_hw_vios -of_objects [get_hw_devices xcku035_0] -filter {CELL_NAME=~"vio_debug_inst"}]] 
set_property NAME.SELECT short [get_hw_probes {upelink_config_s[8]} -of_objects [get_hw_vios -of_objects [get_hw_devices xcku035_0] -filter {CELL_NAME=~"vio_debug_inst"}]] 
set_property NAME.SELECT short [get_hw_probes {upelink_config_s[9]} -of_objects [get_hw_vios -of_objects [get_hw_devices xcku035_0] -filter {CELL_NAME=~"vio_debug_inst"}]] 
set_property NAME.SELECT short [get_hw_probes {upelink_config_s[10]} -of_objects [get_hw_vios -of_objects [get_hw_devices xcku035_0] -filter {CELL_NAME=~"vio_debug_inst"}]] 
set_property NAME.SELECT short [get_hw_probes {upelink_config_s[11]} -of_objects [get_hw_vios -of_objects [get_hw_devices xcku035_0] -filter {CELL_NAME=~"vio_debug_inst"}]] 
set_property NAME.SELECT short [get_hw_probes {upelink_config_s[12]} -of_objects [get_hw_vios -of_objects [get_hw_devices xcku035_0] -filter {CELL_NAME=~"vio_debug_inst"}]] 
set_property NAME.SELECT short [get_hw_probes {upelink_config_s[13]} -of_objects [get_hw_vios -of_objects [get_hw_devices xcku035_0] -filter {CELL_NAME=~"vio_debug_inst"}]] 
set_property NAME.SELECT short [get_hw_probes {upelink_config_s[14]} -of_objects [get_hw_vios -of_objects [get_hw_devices xcku035_0] -filter {CELL_NAME=~"vio_debug_inst"}]] 
set_property NAME.SELECT short [get_hw_probes {upelink_config_s[15]} -of_objects [get_hw_vios -of_objects [get_hw_devices xcku035_0] -filter {CELL_NAME=~"vio_debug_inst"}]] 
set_property NAME.SELECT short [get_hw_probes {upelink_config_s[16]} -of_objects [get_hw_vios -of_objects [get_hw_devices xcku035_0] -filter {CELL_NAME=~"vio_debug_inst"}]] 
set_property NAME.SELECT short [get_hw_probes {upelink_config_s[17]} -of_objects [get_hw_vios -of_objects [get_hw_devices xcku035_0] -filter {CELL_NAME=~"vio_debug_inst"}]] 
set_property NAME.SELECT short [get_hw_probes {upelink_config_s[18]} -of_objects [get_hw_vios -of_objects [get_hw_devices xcku035_0] -filter {CELL_NAME=~"vio_debug_inst"}]] 
set_property NAME.SELECT short [get_hw_probes {upelink_config_s[20]} -of_objects [get_hw_vios -of_objects [get_hw_devices xcku035_0] -filter {CELL_NAME=~"vio_debug_inst"}]] 
set_property NAME.SELECT short [get_hw_probes {upelink_config_s[21]} -of_objects [get_hw_vios -of_objects [get_hw_devices xcku035_0] -filter {CELL_NAME=~"vio_debug_inst"}]] 
set_property NAME.SELECT short [get_hw_probes {upelink_config_s[22]} -of_objects [get_hw_vios -of_objects [get_hw_devices xcku035_0] -filter {CELL_NAME=~"vio_debug_inst"}]] 
set_property NAME.SELECT short [get_hw_probes {upelink_config_s[23]} -of_objects [get_hw_vios -of_objects [get_hw_devices xcku035_0] -filter {CELL_NAME=~"vio_debug_inst"}]] 
set_property NAME.SELECT short [get_hw_probes {upelink_config_s[24]} -of_objects [get_hw_vios -of_objects [get_hw_devices xcku035_0] -filter {CELL_NAME=~"vio_debug_inst"}]] 
set_property NAME.SELECT short [get_hw_probes {upelink_config_s[25]} -of_objects [get_hw_vios -of_objects [get_hw_devices xcku035_0] -filter {CELL_NAME=~"vio_debug_inst"}]] 
set_property NAME.SELECT short [get_hw_probes {upelink_config_s[26]} -of_objects [get_hw_vios -of_objects [get_hw_devices xcku035_0] -filter {CELL_NAME=~"vio_debug_inst"}]] 
set_property NAME.SELECT short [get_hw_probes {upelink_config_s[27]} -of_objects [get_hw_vios -of_objects [get_hw_devices xcku035_0] -filter {CELL_NAME=~"vio_debug_inst"}]] 
set_property NAME.SELECT short [get_hw_probes uperror_detected_s -of_objects [get_hw_vios -of_objects [get_hw_devices xcku035_0] -filter {CELL_NAME=~"vio_debug_inst"}]] 
set_property NAME.SELECT short [get_hw_probes uplinkBypassFECEncoder_i -of_objects [get_hw_vios -of_objects [get_hw_devices xcku035_0] -filter {CELL_NAME=~"vio_debug_inst"}]] 
set_property NAME.SELECT short [get_hw_probes uplinkBypassInterleaver_i -of_objects [get_hw_vios -of_objects [get_hw_devices xcku035_0] -filter {CELL_NAME=~"vio_debug_inst"}]] 
set_property NAME.SELECT short [get_hw_probes uplinkBypassScrambler_i -of_objects [get_hw_vios -of_objects [get_hw_devices xcku035_0] -filter {CELL_NAME=~"vio_debug_inst"}]] 
set_property NAME.SELECT short [get_hw_probes uplinkFECCorrectedClear_i -of_objects [get_hw_vios -of_objects [get_hw_devices xcku035_0] -filter {CELL_NAME=~"vio_debug_inst"}]] 
set_property NAME.SELECT short [get_hw_probes upLinkFECCorrectedLatched_s -of_objects [get_hw_vios -of_objects [get_hw_devices xcku035_0] -filter {CELL_NAME=~"vio_debug_inst"}]] 
set_property NAME.SELECT short [get_hw_probes uplinkPhase_s -of_objects [get_hw_vios -of_objects [get_hw_devices xcku035_0] -filter {CELL_NAME=~"vio_debug_inst"}]] 
set_property NAME.SELECT short [get_hw_probes uplinkPhaseCalib_i -of_objects [get_hw_vios -of_objects [get_hw_devices xcku035_0] -filter {CELL_NAME=~"vio_debug_inst"}]] 
set_property NAME.SELECT short [get_hw_probes uplinkPhaseForce_i -of_objects [get_hw_vios -of_objects [get_hw_devices xcku035_0] -filter {CELL_NAME=~"vio_debug_inst"}]] 
set_property NAME.SELECT short [get_hw_probes uplinkRst_i -of_objects [get_hw_vios -of_objects [get_hw_devices xcku035_0] -filter {CELL_NAME=~"vio_debug_inst"}]] 
set_property NAME.SELECT short [get_hw_probes vio_debug_inst/probe_out5 -of_objects [get_hw_vios -of_objects [get_hw_devices xcku035_0] -filter {CELL_NAME=~"vio_debug_inst"}]] 
set_property NAME.SELECT short [get_hw_probes vio_debug_inst/probe_out6 -of_objects [get_hw_vios -of_objects [get_hw_devices xcku035_0] -filter {CELL_NAME=~"vio_debug_inst"}]] 
startgroup
set_property OUTPUT_VALUE 1 [get_hw_probes uplinkRst_i -of_objects [get_hw_vios -of_objects [get_hw_devices xcku035_0] -filter {CELL_NAME=~"vio_debug_inst"}]]
commit_hw_vio [get_hw_probes {uplinkRst_i} -of_objects [get_hw_vios -of_objects [get_hw_devices xcku035_0] -filter {CELL_NAME=~"vio_debug_inst"}]]
endgroup
startgroup
set_property OUTPUT_VALUE 0 [get_hw_probes uplinkRst_i -of_objects [get_hw_vios -of_objects [get_hw_devices xcku035_0] -filter {CELL_NAME=~"vio_debug_inst"}]]
commit_hw_vio [get_hw_probes {uplinkRst_i} -of_objects [get_hw_vios -of_objects [get_hw_devices xcku035_0] -filter {CELL_NAME=~"vio_debug_inst"}]]
endgroup
commit_hw_vio [get_hw_vios -of_objects [get_hw_devices xcku035_0] -filter {CELL_NAME=~"tdc_decoder_top_inst/vio_40M_inst"}]\
  [get_hw_vios -of_objects [get_hw_devices xcku035_0] -filter {CELL_NAME=~"tdc_decoder_top_inst/vio_BER_inst"}]\
  [get_hw_vios -of_objects [get_hw_devices xcku035_0] -filter {CELL_NAME=~"tdc_decoder_top_inst/vio_hit_inst"}]\
  [get_hw_vios -of_objects [get_hw_devices xcku035_0] -filter {CELL_NAME=~"tdc_decoder_top_inst/vio_trigger_inst"}]\
  [get_hw_vios -of_objects [get_hw_devices xcku035_0] -filter {CELL_NAME=~"vio_debug_inst"}]
source /home/muonuser/gitfolder/phase2_MiniDAQ_Robert/config_tcl/b1_xcku035_triggerless_320.tcl
# set_property NAME.SELECT short [get_hw_probes downlinkRst_i -of_objects [get_hw_vios -of_objects [get_hw_devices xcku035_0] -filter {CELL_NAME=~"vio_debug_inst"}]] 
# set_property NAME.SELECT short [get_hw_probes lpgbtfpga_uplinkrdy_s -of_objects [get_hw_vios -of_objects [get_hw_devices xcku035_0] -filter {CELL_NAME=~"vio_debug_inst"}]] 
# set_property NAME.SELECT short [get_hw_probes lpgbtfpga_downlinkrdy_s -of_objects [get_hw_vios -of_objects [get_hw_devices xcku035_0] -filter {CELL_NAME=~"vio_debug_inst"}]] 
# set_property NAME.SELECT short [get_hw_probes uplinkRst_i -of_objects [get_hw_vios -of_objects [get_hw_devices xcku035_0] -filter {CELL_NAME=~"vio_debug_inst"}]] 
# set_property NAME.SELECT short [get_hw_probes tdc_decoder_top_inst/coarse_count_offset -of_objects [get_hw_vios -of_objects [get_hw_devices xcku035_0] -filter {CELL_NAME=~"tdc_decoder_top_inst/vio_trigger_inst"}]] 
# set_property NAME.SELECT short [get_hw_probes tdc_decoder_top_inst/bc_offset -of_objects [get_hw_vios -of_objects [get_hw_devices xcku035_0] -filter {CELL_NAME=~"tdc_decoder_top_inst/vio_trigger_inst"}]] 
# set_property NAME.SELECT short [get_hw_probes tdc_decoder_top_inst/enable_matching -of_objects [get_hw_vios -of_objects [get_hw_devices xcku035_0] -filter {CELL_NAME=~"tdc_decoder_top_inst/vio_trigger_inst"}]] 
# set_property NAME.SELECT short [get_hw_probes tdc_decoder_top_inst/enable_relative_trigger_data -of_objects [get_hw_vios -of_objects [get_hw_devices xcku035_0] -filter {CELL_NAME=~"tdc_decoder_top_inst/vio_trigger_inst"}]] 
# set_property NAME.SELECT short [get_hw_probes tdc_decoder_top_inst/event_reset -of_objects [get_hw_vios -of_objects [get_hw_devices xcku035_0] -filter {CELL_NAME=~"tdc_decoder_top_inst/vio_trigger_inst"}]] 
# set_property NAME.SELECT short [get_hw_probes tdc_decoder_top_inst/match_window -of_objects [get_hw_vios -of_objects [get_hw_devices xcku035_0] -filter {CELL_NAME=~"tdc_decoder_top_inst/vio_trigger_inst"}]] 
# set_property NAME.SELECT short [get_hw_probes tdc_decoder_top_inst/reject_offset -of_objects [get_hw_vios -of_objects [get_hw_devices xcku035_0] -filter {CELL_NAME=~"tdc_decoder_top_inst/vio_trigger_inst"}]] 
# set_property NAME.SELECT short [get_hw_probes tdc_decoder_top_inst/rollover -of_objects [get_hw_vios -of_objects [get_hw_devices xcku035_0] -filter {CELL_NAME=~"tdc_decoder_top_inst/vio_trigger_inst"}]] 
# set_property NAME.SELECT short [get_hw_probes tdc_decoder_top_inst/rst_160_vio -of_objects [get_hw_vios -of_objects [get_hw_devices xcku035_0] -filter {CELL_NAME=~"tdc_decoder_top_inst/vio_trigger_inst"}]] 
# set_property NAME.SELECT short [get_hw_probes tdc_decoder_top_inst/search_margin -of_objects [get_hw_vios -of_objects [get_hw_devices xcku035_0] -filter {CELL_NAME=~"tdc_decoder_top_inst/vio_trigger_inst"}]] 
# set_property NAME.SELECT short [get_hw_probes tdc_decoder_top_inst/trigger_latency -of_objects [get_hw_vios -of_objects [get_hw_devices xcku035_0] -filter {CELL_NAME=~"tdc_decoder_top_inst/vio_trigger_inst"}]] 
# set_property NAME.SELECT short [get_hw_probes tdc_decoder_top_inst/trigger_redge -of_objects [get_hw_vios -of_objects [get_hw_devices xcku035_0] -filter {CELL_NAME=~"tdc_decoder_top_inst/vio_trigger_inst"}]] 
# set_property OUTPUT_VALUE_RADIX UNSIGNED [get_hw_probes tdc_decoder_top_inst/coarse_count_offset -of_objects [get_hw_vios -of_objects [get_hw_devices xcku035_0] -filter {CELL_NAME=~"tdc_decoder_top_inst/vio_trigger_inst"}]]
# set_property OUTPUT_VALUE_RADIX UNSIGNED [get_hw_probes tdc_decoder_top_inst/bc_offset -of_objects [get_hw_vios -of_objects [get_hw_devices xcku035_0] -filter {CELL_NAME=~"tdc_decoder_top_inst/vio_trigger_inst"}]]
# set_property OUTPUT_VALUE_RADIX UNSIGNED [get_hw_probes tdc_decoder_top_inst/enable_matching -of_objects [get_hw_vios -of_objects [get_hw_devices xcku035_0] -filter {CELL_NAME=~"tdc_decoder_top_inst/vio_trigger_inst"}]]
# set_property OUTPUT_VALUE_RADIX UNSIGNED [get_hw_probes tdc_decoder_top_inst/enable_relative_trigger_data -of_objects [get_hw_vios -of_objects [get_hw_devices xcku035_0] -filter {CELL_NAME=~"tdc_decoder_top_inst/vio_trigger_inst"}]]
# set_property OUTPUT_VALUE_RADIX UNSIGNED [get_hw_probes tdc_decoder_top_inst/event_reset -of_objects [get_hw_vios -of_objects [get_hw_devices xcku035_0] -filter {CELL_NAME=~"tdc_decoder_top_inst/vio_trigger_inst"}]]
# set_property OUTPUT_VALUE_RADIX UNSIGNED [get_hw_probes tdc_decoder_top_inst/match_window -of_objects [get_hw_vios -of_objects [get_hw_devices xcku035_0] -filter {CELL_NAME=~"tdc_decoder_top_inst/vio_trigger_inst"}]]
# set_property OUTPUT_VALUE_RADIX UNSIGNED [get_hw_probes tdc_decoder_top_inst/reject_offset -of_objects [get_hw_vios -of_objects [get_hw_devices xcku035_0] -filter {CELL_NAME=~"tdc_decoder_top_inst/vio_trigger_inst"}]]
# set_property OUTPUT_VALUE_RADIX UNSIGNED [get_hw_probes tdc_decoder_top_inst/rollover -of_objects [get_hw_vios -of_objects [get_hw_devices xcku035_0] -filter {CELL_NAME=~"tdc_decoder_top_inst/vio_trigger_inst"}]]
# set_property OUTPUT_VALUE_RADIX UNSIGNED [get_hw_probes tdc_decoder_top_inst/rst_160_vio -of_objects [get_hw_vios -of_objects [get_hw_devices xcku035_0] -filter {CELL_NAME=~"tdc_decoder_top_inst/vio_trigger_inst"}]]
# set_property OUTPUT_VALUE_RADIX UNSIGNED [get_hw_probes tdc_decoder_top_inst/search_margin -of_objects [get_hw_vios -of_objects [get_hw_devices xcku035_0] -filter {CELL_NAME=~"tdc_decoder_top_inst/vio_trigger_inst"}]]
# set_property OUTPUT_VALUE_RADIX UNSIGNED [get_hw_probes tdc_decoder_top_inst/trigger_latency -of_objects [get_hw_vios -of_objects [get_hw_devices xcku035_0] -filter {CELL_NAME=~"tdc_decoder_top_inst/vio_trigger_inst"}]]
# set_property OUTPUT_VALUE_RADIX UNSIGNED [get_hw_probes tdc_decoder_top_inst/trigger_redge -of_objects [get_hw_vios -of_objects [get_hw_devices xcku035_0] -filter {CELL_NAME=~"tdc_decoder_top_inst/vio_trigger_inst"}]]
# set_property OUTPUT_VALUE 0 [get_hw_probes tdc_decoder_top_inst/bc_offset -of_objects [get_hw_vios -of_objects [get_hw_devices xcku035_0] -filter {CELL_NAME=~"tdc_decoder_top_inst/vio_trigger_inst"}]]
# commit_hw_vio [get_hw_probes {tdc_decoder_top_inst/bc_offset} -of_objects [get_hw_vios -of_objects [get_hw_devices xcku035_0] -filter {CELL_NAME=~"tdc_decoder_top_inst/vio_trigger_inst"}]]
# set_property OUTPUT_VALUE 4070 [get_hw_probes tdc_decoder_top_inst/coarse_count_offset -of_objects [get_hw_vios -of_objects [get_hw_devices xcku035_0] -filter {CELL_NAME=~"tdc_decoder_top_inst/vio_trigger_inst"}]]
# commit_hw_vio [get_hw_probes {tdc_decoder_top_inst/coarse_count_offset} -of_objects [get_hw_vios -of_objects [get_hw_devices xcku035_0] -filter {CELL_NAME=~"tdc_decoder_top_inst/vio_trigger_inst"}]]
# set_property OUTPUT_VALUE 1 [get_hw_probes tdc_decoder_top_inst/enable_matching -of_objects [get_hw_vios -of_objects [get_hw_devices xcku035_0] -filter {CELL_NAME=~"tdc_decoder_top_inst/vio_trigger_inst"}]]
# commit_hw_vio [get_hw_probes {tdc_decoder_top_inst/enable_matching} -of_objects [get_hw_vios -of_objects [get_hw_devices xcku035_0] -filter {CELL_NAME=~"tdc_decoder_top_inst/vio_trigger_inst"}]]
# set_property OUTPUT_VALUE 60 [get_hw_probes tdc_decoder_top_inst/match_window -of_objects [get_hw_vios -of_objects [get_hw_devices xcku035_0] -filter {CELL_NAME=~"tdc_decoder_top_inst/vio_trigger_inst"}]]
# commit_hw_vio [get_hw_probes {tdc_decoder_top_inst/match_window} -of_objects [get_hw_vios -of_objects [get_hw_devices xcku035_0] -filter {CELL_NAME=~"tdc_decoder_top_inst/vio_trigger_inst"}]]
# set_property OUTPUT_VALUE 300 [get_hw_probes tdc_decoder_top_inst/reject_offset -of_objects [get_hw_vios -of_objects [get_hw_devices xcku035_0] -filter {CELL_NAME=~"tdc_decoder_top_inst/vio_trigger_inst"}]]
# commit_hw_vio [get_hw_probes {tdc_decoder_top_inst/reject_offset} -of_objects [get_hw_vios -of_objects [get_hw_devices xcku035_0] -filter {CELL_NAME=~"tdc_decoder_top_inst/vio_trigger_inst"}]]
# set_property OUTPUT_VALUE 100 [get_hw_probes tdc_decoder_top_inst/search_margin -of_objects [get_hw_vios -of_objects [get_hw_devices xcku035_0] -filter {CELL_NAME=~"tdc_decoder_top_inst/vio_trigger_inst"}]]
# commit_hw_vio [get_hw_probes {tdc_decoder_top_inst/search_margin} -of_objects [get_hw_vios -of_objects [get_hw_devices xcku035_0] -filter {CELL_NAME=~"tdc_decoder_top_inst/vio_trigger_inst"}]]
# set_property OUTPUT_VALUE 100 [get_hw_probes tdc_decoder_top_inst/trigger_latency -of_objects [get_hw_vios -of_objects [get_hw_devices xcku035_0] -filter {CELL_NAME=~"tdc_decoder_top_inst/vio_trigger_inst"}]]
# commit_hw_vio [get_hw_probes {tdc_decoder_top_inst/trigger_latency} -of_objects [get_hw_vios -of_objects [get_hw_devices xcku035_0] -filter {CELL_NAME=~"tdc_decoder_top_inst/vio_trigger_inst"}]]
# set_property OUTPUT_VALUE 0 [get_hw_probes tdc_decoder_top_inst/enable_relative_trigger_data -of_objects [get_hw_vios -of_objects [get_hw_devices xcku035_0] -filter {CELL_NAME=~"tdc_decoder_top_inst/vio_trigger_inst"}]]
# commit_hw_vio [get_hw_probes {tdc_decoder_top_inst/enable_relative_trigger_data} -of_objects [get_hw_vios -of_objects [get_hw_devices xcku035_0] -filter {CELL_NAME=~"tdc_decoder_top_inst/vio_trigger_inst"}]]
# set_property OUTPUT_VALUE 0 [get_hw_probes tdc_decoder_top_inst/event_reset -of_objects [get_hw_vios -of_objects [get_hw_devices xcku035_0] -filter {CELL_NAME=~"tdc_decoder_top_inst/vio_trigger_inst"}]]
# commit_hw_vio [get_hw_probes {tdc_decoder_top_inst/event_reset} -of_objects [get_hw_vios -of_objects [get_hw_devices xcku035_0] -filter {CELL_NAME=~"tdc_decoder_top_inst/vio_trigger_inst"}]]
# set_property OUTPUT_VALUE 4095 [get_hw_probes tdc_decoder_top_inst/rollover -of_objects [get_hw_vios -of_objects [get_hw_devices xcku035_0] -filter {CELL_NAME=~"tdc_decoder_top_inst/vio_trigger_inst"}]]
# commit_hw_vio [get_hw_probes {tdc_decoder_top_inst/rollover} -of_objects [get_hw_vios -of_objects [get_hw_devices xcku035_0] -filter {CELL_NAME=~"tdc_decoder_top_inst/vio_trigger_inst"}]]
# set_property OUTPUT_VALUE 0 [get_hw_probes tdc_decoder_top_inst/rst_160_vio -of_objects [get_hw_vios -of_objects [get_hw_devices xcku035_0] -filter {CELL_NAME=~"tdc_decoder_top_inst/vio_trigger_inst"}]]
# commit_hw_vio [get_hw_probes {tdc_decoder_top_inst/rst_160_vio} -of_objects [get_hw_vios -of_objects [get_hw_devices xcku035_0] -filter {CELL_NAME=~"tdc_decoder_top_inst/vio_trigger_inst"}]]
# set_property OUTPUT_VALUE 0 [get_hw_probes tdc_decoder_top_inst/trigger_redge -of_objects [get_hw_vios -of_objects [get_hw_devices xcku035_0] -filter {CELL_NAME=~"tdc_decoder_top_inst/vio_trigger_inst"}]]
# commit_hw_vio [get_hw_probes {tdc_decoder_top_inst/trigger_redge} -of_objects [get_hw_vios -of_objects [get_hw_devices xcku035_0] -filter {CELL_NAME=~"tdc_decoder_top_inst/vio_trigger_inst"}]]
# set_property NAME.SELECT short [get_hw_probes tdc_decoder_top_inst/hit_inv -of_objects [get_hw_vios -of_objects [get_hw_devices xcku035_0] -filter {CELL_NAME=~"tdc_decoder_top_inst/vio_hit_inst"}]] 
# set_property NAME.SELECT short [get_hw_probes tdc_decoder_top_inst/delay_mask -of_objects [get_hw_vios -of_objects [get_hw_devices xcku035_0] -filter {CELL_NAME=~"tdc_decoder_top_inst/vio_hit_inst"}]] 
# set_property NAME.SELECT short [get_hw_probes tdc_decoder_top_inst/enable_hit -of_objects [get_hw_vios -of_objects [get_hw_devices xcku035_0] -filter {CELL_NAME=~"tdc_decoder_top_inst/vio_hit_inst"}]] 
# set_property NAME.SELECT short [get_hw_probes tdc_decoder_top_inst/enable_internal_trigger -of_objects [get_hw_vios -of_objects [get_hw_devices xcku035_0] -filter {CELL_NAME=~"tdc_decoder_top_inst/vio_hit_inst"}]] 
# set_property NAME.SELECT short [get_hw_probes tdc_decoder_top_inst/hit_delay -of_objects [get_hw_vios -of_objects [get_hw_devices xcku035_0] -filter {CELL_NAME=~"tdc_decoder_top_inst/vio_hit_inst"}]] 
# set_property NAME.SELECT short [get_hw_probes tdc_decoder_top_inst/hit_interval -of_objects [get_hw_vios -of_objects [get_hw_devices xcku035_0] -filter {CELL_NAME=~"tdc_decoder_top_inst/vio_hit_inst"}]] 
# set_property NAME.SELECT short [get_hw_probes tdc_decoder_top_inst/hit_mask -of_objects [get_hw_vios -of_objects [get_hw_devices xcku035_0] -filter {CELL_NAME=~"tdc_decoder_top_inst/vio_hit_inst"}]] 
# set_property NAME.SELECT short [get_hw_probes tdc_decoder_top_inst/hit_single -of_objects [get_hw_vios -of_objects [get_hw_devices xcku035_0] -filter {CELL_NAME=~"tdc_decoder_top_inst/vio_hit_inst"}]] 
# set_property NAME.SELECT short [get_hw_probes tdc_decoder_top_inst/hit_trigger_ratio -of_objects [get_hw_vios -of_objects [get_hw_devices xcku035_0] -filter {CELL_NAME=~"tdc_decoder_top_inst/vio_hit_inst"}]] 
# set_property NAME.SELECT short [get_hw_probes tdc_decoder_top_inst/width_hit -of_objects [get_hw_vios -of_objects [get_hw_devices xcku035_0] -filter {CELL_NAME=~"tdc_decoder_top_inst/vio_hit_inst"}]] 
# set_property OUTPUT_VALUE_RADIX BINARY [get_hw_probes tdc_decoder_top_inst/delay_mask -of_objects [get_hw_vios -of_objects [get_hw_devices xcku035_0] -filter {CELL_NAME=~"tdc_decoder_top_inst/vio_hit_inst"}]]
# set_property OUTPUT_VALUE_RADIX BINARY [get_hw_probes tdc_decoder_top_inst/hit_mask -of_objects [get_hw_vios -of_objects [get_hw_devices xcku035_0] -filter {CELL_NAME=~"tdc_decoder_top_inst/vio_hit_inst"}]]
# set_property OUTPUT_VALUE_RADIX UNSIGNED [get_hw_probes tdc_decoder_top_inst/hit_delay -of_objects [get_hw_vios -of_objects [get_hw_devices xcku035_0] -filter {CELL_NAME=~"tdc_decoder_top_inst/vio_hit_inst"}]]
# set_property OUTPUT_VALUE_RADIX UNSIGNED [get_hw_probes tdc_decoder_top_inst/hit_interval -of_objects [get_hw_vios -of_objects [get_hw_devices xcku035_0] -filter {CELL_NAME=~"tdc_decoder_top_inst/vio_hit_inst"}]]
# set_property OUTPUT_VALUE_RADIX UNSIGNED [get_hw_probes tdc_decoder_top_inst/hit_trigger_ratio -of_objects [get_hw_vios -of_objects [get_hw_devices xcku035_0] -filter {CELL_NAME=~"tdc_decoder_top_inst/vio_hit_inst"}]]
# set_property OUTPUT_VALUE_RADIX UNSIGNED [get_hw_probes tdc_decoder_top_inst/width_hit -of_objects [get_hw_vios -of_objects [get_hw_devices xcku035_0] -filter {CELL_NAME=~"tdc_decoder_top_inst/vio_hit_inst"}]]
# set_property OUTPUT_VALUE 000000000000000000000000 [get_hw_probes tdc_decoder_top_inst/delay_mask -of_objects [get_hw_vios -of_objects [get_hw_devices xcku035_0] -filter {CELL_NAME=~"tdc_decoder_top_inst/vio_hit_inst"}]]
# commit_hw_vio [get_hw_probes {tdc_decoder_top_inst/delay_mask} -of_objects [get_hw_vios -of_objects [get_hw_devices xcku035_0] -filter {CELL_NAME=~"tdc_decoder_top_inst/vio_hit_inst"}]]
# set_property OUTPUT_VALUE 400 [get_hw_probes tdc_decoder_top_inst/hit_interval -of_objects [get_hw_vios -of_objects [get_hw_devices xcku035_0] -filter {CELL_NAME=~"tdc_decoder_top_inst/vio_hit_inst"}]]
# commit_hw_vio [get_hw_probes {tdc_decoder_top_inst/hit_interval} -of_objects [get_hw_vios -of_objects [get_hw_devices xcku035_0] -filter {CELL_NAME=~"tdc_decoder_top_inst/vio_hit_inst"}]]
# set_property OUTPUT_VALUE 0 [get_hw_probes tdc_decoder_top_inst/hit_delay -of_objects [get_hw_vios -of_objects [get_hw_devices xcku035_0] -filter {CELL_NAME=~"tdc_decoder_top_inst/vio_hit_inst"}]]
# commit_hw_vio [get_hw_probes {tdc_decoder_top_inst/hit_delay} -of_objects [get_hw_vios -of_objects [get_hw_devices xcku035_0] -filter {CELL_NAME=~"tdc_decoder_top_inst/vio_hit_inst"}]]
# set_property OUTPUT_VALUE 111111111111111111111111 [get_hw_probes tdc_decoder_top_inst/hit_mask -of_objects [get_hw_vios -of_objects [get_hw_devices xcku035_0] -filter {CELL_NAME=~"tdc_decoder_top_inst/vio_hit_inst"}]]
# commit_hw_vio [get_hw_probes {tdc_decoder_top_inst/hit_mask} -of_objects [get_hw_vios -of_objects [get_hw_devices xcku035_0] -filter {CELL_NAME=~"tdc_decoder_top_inst/vio_hit_inst"}]]
# set_property OUTPUT_VALUE 1 [get_hw_probes tdc_decoder_top_inst/hit_trigger_ratio -of_objects [get_hw_vios -of_objects [get_hw_devices xcku035_0] -filter {CELL_NAME=~"tdc_decoder_top_inst/vio_hit_inst"}]]
# commit_hw_vio [get_hw_probes {tdc_decoder_top_inst/hit_trigger_ratio} -of_objects [get_hw_vios -of_objects [get_hw_devices xcku035_0] -filter {CELL_NAME=~"tdc_decoder_top_inst/vio_hit_inst"}]]
# set_property OUTPUT_VALUE 10 [get_hw_probes tdc_decoder_top_inst/width_hit -of_objects [get_hw_vios -of_objects [get_hw_devices xcku035_0] -filter {CELL_NAME=~"tdc_decoder_top_inst/vio_hit_inst"}]]
# commit_hw_vio [get_hw_probes {tdc_decoder_top_inst/width_hit} -of_objects [get_hw_vios -of_objects [get_hw_devices xcku035_0] -filter {CELL_NAME=~"tdc_decoder_top_inst/vio_hit_inst"}]]
# set_property OUTPUT_VALUE 0 [get_hw_probes tdc_decoder_top_inst/enable_hit -of_objects [get_hw_vios -of_objects [get_hw_devices xcku035_0] -filter {CELL_NAME=~"tdc_decoder_top_inst/vio_hit_inst"}]]
# commit_hw_vio [get_hw_probes {tdc_decoder_top_inst/enable_hit} -of_objects [get_hw_vios -of_objects [get_hw_devices xcku035_0] -filter {CELL_NAME=~"tdc_decoder_top_inst/vio_hit_inst"}]]
# set_property OUTPUT_VALUE 0 [get_hw_probes tdc_decoder_top_inst/enable_internal_trigger -of_objects [get_hw_vios -of_objects [get_hw_devices xcku035_0] -filter {CELL_NAME=~"tdc_decoder_top_inst/vio_hit_inst"}]]
# commit_hw_vio [get_hw_probes {tdc_decoder_top_inst/enable_internal_trigger} -of_objects [get_hw_vios -of_objects [get_hw_devices xcku035_0] -filter {CELL_NAME=~"tdc_decoder_top_inst/vio_hit_inst"}]]
# set_property OUTPUT_VALUE 1 [get_hw_probes tdc_decoder_top_inst/hit_inv -of_objects [get_hw_vios -of_objects [get_hw_devices xcku035_0] -filter {CELL_NAME=~"tdc_decoder_top_inst/vio_hit_inst"}]]
# commit_hw_vio [get_hw_probes {tdc_decoder_top_inst/hit_inv} -of_objects [get_hw_vios -of_objects [get_hw_devices xcku035_0] -filter {CELL_NAME=~"tdc_decoder_top_inst/vio_hit_inst"}]]
# set_property OUTPUT_VALUE 0 [get_hw_probes tdc_decoder_top_inst/hit_single -of_objects [get_hw_vios -of_objects [get_hw_devices xcku035_0] -filter {CELL_NAME=~"tdc_decoder_top_inst/vio_hit_inst"}]]
# commit_hw_vio [get_hw_probes {tdc_decoder_top_inst/hit_single} -of_objects [get_hw_vios -of_objects [get_hw_devices xcku035_0] -filter {CELL_NAME=~"tdc_decoder_top_inst/vio_hit_inst"}]]
# set_property NAME.SELECT short [get_hw_probes {tdc_decoder_top_inst/tdc_received_40bit_dline1[2]} -of_objects [get_hw_vios -of_objects [get_hw_devices xcku035_0] -filter {CELL_NAME=~"tdc_decoder_top_inst/vio_BER_inst"}]] 
# set_property NAME.SELECT short [get_hw_probes {tdc_decoder_top_inst/tdc_error_bit_dline0[1]} -of_objects [get_hw_vios -of_objects [get_hw_devices xcku035_0] -filter {CELL_NAME=~"tdc_decoder_top_inst/vio_BER_inst"}]] 
# set_property NAME.SELECT short [get_hw_probes {tdc_decoder_top_inst/tdc_error_bit_dline0[2]} -of_objects [get_hw_vios -of_objects [get_hw_devices xcku035_0] -filter {CELL_NAME=~"tdc_decoder_top_inst/vio_BER_inst"}]] 
# set_property NAME.SELECT short [get_hw_probes {tdc_decoder_top_inst/tdc_error_bit_dline0[3]} -of_objects [get_hw_vios -of_objects [get_hw_devices xcku035_0] -filter {CELL_NAME=~"tdc_decoder_top_inst/vio_BER_inst"}]] 
# set_property NAME.SELECT short [get_hw_probes {tdc_decoder_top_inst/tdc_error_bit_dline1[1]} -of_objects [get_hw_vios -of_objects [get_hw_devices xcku035_0] -filter {CELL_NAME=~"tdc_decoder_top_inst/vio_BER_inst"}]] 
# set_property NAME.SELECT short [get_hw_probes {tdc_decoder_top_inst/tdc_error_bit_dline1[2]} -of_objects [get_hw_vios -of_objects [get_hw_devices xcku035_0] -filter {CELL_NAME=~"tdc_decoder_top_inst/vio_BER_inst"}]] 
# set_property NAME.SELECT short [get_hw_probes {tdc_decoder_top_inst/tdc_error_bit_dline1[3]} -of_objects [get_hw_vios -of_objects [get_hw_devices xcku035_0] -filter {CELL_NAME=~"tdc_decoder_top_inst/vio_BER_inst"}]] 
# set_property NAME.SELECT short [get_hw_probes {tdc_decoder_top_inst/tdc_received_40bit_dline1[1]} -of_objects [get_hw_vios -of_objects [get_hw_devices xcku035_0] -filter {CELL_NAME=~"tdc_decoder_top_inst/vio_BER_inst"}]] 
# set_property NAME.SELECT short [get_hw_probes {tdc_decoder_top_inst/tdc_received_40bit_dline1[3]} -of_objects [get_hw_vios -of_objects [get_hw_devices xcku035_0] -filter {CELL_NAME=~"tdc_decoder_top_inst/vio_BER_inst"}]] 
# set_property NAME.SELECT short [get_hw_probes {tdc_decoder_top_inst/tdc_received_40bit_dline0[1]} -of_objects [get_hw_vios -of_objects [get_hw_devices xcku035_0] -filter {CELL_NAME=~"tdc_decoder_top_inst/vio_BER_inst"}]] 
# set_property NAME.SELECT short [get_hw_probes {tdc_decoder_top_inst/tdc_received_40bit_dline0[2]} -of_objects [get_hw_vios -of_objects [get_hw_devices xcku035_0] -filter {CELL_NAME=~"tdc_decoder_top_inst/vio_BER_inst"}]] 
# set_property NAME.SELECT short [get_hw_probes {tdc_decoder_top_inst/tdc_received_40bit_dline0[3]} -of_objects [get_hw_vios -of_objects [get_hw_devices xcku035_0] -filter {CELL_NAME=~"tdc_decoder_top_inst/vio_BER_inst"}]] 
# set_property INPUT_VALUE_RADIX UNSIGNED [get_hw_probes {tdc_decoder_top_inst/tdc_error_bit_dline0[1]} -of_objects [get_hw_vios -of_objects [get_hw_devices xcku035_0] -filter {CELL_NAME=~"tdc_decoder_top_inst/vio_BER_inst"}]]
# set_property INPUT_VALUE_RADIX UNSIGNED [get_hw_probes {tdc_decoder_top_inst/tdc_error_bit_dline0[2]} -of_objects [get_hw_vios -of_objects [get_hw_devices xcku035_0] -filter {CELL_NAME=~"tdc_decoder_top_inst/vio_BER_inst"}]]
# set_property INPUT_VALUE_RADIX UNSIGNED [get_hw_probes {tdc_decoder_top_inst/tdc_error_bit_dline0[3]} -of_objects [get_hw_vios -of_objects [get_hw_devices xcku035_0] -filter {CELL_NAME=~"tdc_decoder_top_inst/vio_BER_inst"}]]
# set_property INPUT_VALUE_RADIX UNSIGNED [get_hw_probes {tdc_decoder_top_inst/tdc_error_bit_dline1[1]} -of_objects [get_hw_vios -of_objects [get_hw_devices xcku035_0] -filter {CELL_NAME=~"tdc_decoder_top_inst/vio_BER_inst"}]]
# set_property INPUT_VALUE_RADIX UNSIGNED [get_hw_probes {tdc_decoder_top_inst/tdc_error_bit_dline1[2]} -of_objects [get_hw_vios -of_objects [get_hw_devices xcku035_0] -filter {CELL_NAME=~"tdc_decoder_top_inst/vio_BER_inst"}]]
# set_property INPUT_VALUE_RADIX UNSIGNED [get_hw_probes {tdc_decoder_top_inst/tdc_error_bit_dline1[3]} -of_objects [get_hw_vios -of_objects [get_hw_devices xcku035_0] -filter {CELL_NAME=~"tdc_decoder_top_inst/vio_BER_inst"}]]
# set_property NAME.SELECT short [get_hw_probes tdc_decoder_top_inst/enable_320M -of_objects [get_hw_vios -of_objects [get_hw_devices xcku035_0] -filter {CELL_NAME=~"tdc_decoder_top_inst/vio_40M_inst"}]] 
# set_property NAME.SELECT short [get_hw_probes tdc_decoder_top_inst/correct_counter_th -of_objects [get_hw_vios -of_objects [get_hw_devices xcku035_0] -filter {CELL_NAME=~"tdc_decoder_top_inst/vio_40M_inst"}]] 
# set_property NAME.SELECT short [get_hw_probes tdc_decoder_top_inst/enable_K28_1 -of_objects [get_hw_vios -of_objects [get_hw_devices xcku035_0] -filter {CELL_NAME=~"tdc_decoder_top_inst/vio_40M_inst"}]] 
# set_property NAME.SELECT short [get_hw_probes tdc_decoder_top_inst/global_rst -of_objects [get_hw_vios -of_objects [get_hw_devices xcku035_0] -filter {CELL_NAME=~"tdc_decoder_top_inst/vio_40M_inst"}]] 
# set_property NAME.SELECT short [get_hw_probes tdc_decoder_top_inst/locked_dline0 -of_objects [get_hw_vios -of_objects [get_hw_devices xcku035_0] -filter {CELL_NAME=~"tdc_decoder_top_inst/vio_40M_inst"}]] 
# set_property NAME.SELECT short [get_hw_probes tdc_decoder_top_inst/locked_dline1 -of_objects [get_hw_vios -of_objects [get_hw_devices xcku035_0] -filter {CELL_NAME=~"tdc_decoder_top_inst/vio_40M_inst"}]] 
# set_property NAME.SELECT short [get_hw_probes tdc_decoder_top_inst/ttc_bc_reset_vio -of_objects [get_hw_vios -of_objects [get_hw_devices xcku035_0] -filter {CELL_NAME=~"tdc_decoder_top_inst/vio_40M_inst"}]] 
# set_property NAME.SELECT short [get_hw_probes tdc_decoder_top_inst/ttc_event_reset_vio -of_objects [get_hw_vios -of_objects [get_hw_devices xcku035_0] -filter {CELL_NAME=~"tdc_decoder_top_inst/vio_40M_inst"}]] 
# set_property NAME.SELECT short [get_hw_probes tdc_decoder_top_inst/ttc_master_reset_vio -of_objects [get_hw_vios -of_objects [get_hw_devices xcku035_0] -filter {CELL_NAME=~"tdc_decoder_top_inst/vio_40M_inst"}]] 
# set_property INPUT_VALUE_RADIX BINARY [get_hw_probes tdc_decoder_top_inst/locked_dline0 -of_objects [get_hw_vios -of_objects [get_hw_devices xcku035_0] -filter {CELL_NAME=~"tdc_decoder_top_inst/vio_40M_inst"}]]
# set_property INPUT_VALUE_RADIX BINARY [get_hw_probes tdc_decoder_top_inst/locked_dline1 -of_objects [get_hw_vios -of_objects [get_hw_devices xcku035_0] -filter {CELL_NAME=~"tdc_decoder_top_inst/vio_40M_inst"}]]
# set_property OUTPUT_VALUE_RADIX UNSIGNED [get_hw_probes tdc_decoder_top_inst/correct_counter_th -of_objects [get_hw_vios -of_objects [get_hw_devices xcku035_0] -filter {CELL_NAME=~"tdc_decoder_top_inst/vio_40M_inst"}]]
# set_property OUTPUT_VALUE 1000000 [get_hw_probes tdc_decoder_top_inst/correct_counter_th -of_objects [get_hw_vios -of_objects [get_hw_devices xcku035_0] -filter {CELL_NAME=~"tdc_decoder_top_inst/vio_40M_inst"}]]
# commit_hw_vio [get_hw_probes {tdc_decoder_top_inst/correct_counter_th} -of_objects [get_hw_vios -of_objects [get_hw_devices xcku035_0] -filter {CELL_NAME=~"tdc_decoder_top_inst/vio_40M_inst"}]]
# set_property OUTPUT_VALUE 1 [get_hw_probes tdc_decoder_top_inst/enable_320M -of_objects [get_hw_vios -of_objects [get_hw_devices xcku035_0] -filter {CELL_NAME=~"tdc_decoder_top_inst/vio_40M_inst"}]]
# commit_hw_vio [get_hw_probes {tdc_decoder_top_inst/enable_320M} -of_objects [get_hw_vios -of_objects [get_hw_devices xcku035_0] -filter {CELL_NAME=~"tdc_decoder_top_inst/vio_40M_inst"}]]
# set_property OUTPUT_VALUE 0 [get_hw_probes tdc_decoder_top_inst/enable_K28_1 -of_objects [get_hw_vios -of_objects [get_hw_devices xcku035_0] -filter {CELL_NAME=~"tdc_decoder_top_inst/vio_40M_inst"}]]
# commit_hw_vio [get_hw_probes {tdc_decoder_top_inst/enable_K28_1} -of_objects [get_hw_vios -of_objects [get_hw_devices xcku035_0] -filter {CELL_NAME=~"tdc_decoder_top_inst/vio_40M_inst"}]]
# startgroup
# set_property OUTPUT_VALUE 1 [get_hw_probes tdc_decoder_top_inst/global_rst -of_objects [get_hw_vios -of_objects [get_hw_devices xcku035_0] -filter {CELL_NAME=~"tdc_decoder_top_inst/vio_40M_inst"}]]
# commit_hw_vio [get_hw_probes {tdc_decoder_top_inst/global_rst} -of_objects [get_hw_vios -of_objects [get_hw_devices xcku035_0] -filter {CELL_NAME=~"tdc_decoder_top_inst/vio_40M_inst"}]]
# endgroup
# after 2000
# startgroup
# set_property OUTPUT_VALUE 0 [get_hw_probes tdc_decoder_top_inst/global_rst -of_objects [get_hw_vios -of_objects [get_hw_devices xcku035_0] -filter {CELL_NAME=~"tdc_decoder_top_inst/vio_40M_inst"}]]
# commit_hw_vio [get_hw_probes {tdc_decoder_top_inst/global_rst} -of_objects [get_hw_vios -of_objects [get_hw_devices xcku035_0] -filter {CELL_NAME=~"tdc_decoder_top_inst/vio_40M_inst"}]]
# endgroup
save_wave_config {/home/muonuser/gitfolder/phase2_MiniDAQ_Robert/.Xil/vivado_lab-27611-localhost.localdomain/hw_1/wave/hw_ila_data_1/hw_ila_data_1.wcfg}
save_wave_config {/home/muonuser/gitfolder/phase2_MiniDAQ_Robert/.Xil/vivado_lab-27611-localhost.localdomain/hw_1/wave/hw_ila_data_2/hw_ila_data_2.wcfg}
save_wave_config {/home/muonuser/gitfolder/phase2_MiniDAQ_Robert/.Xil/vivado_lab-27611-localhost.localdomain/hw_1/wave/hw_ila_data_3/hw_ila_data_3.wcfg}
save_wave_config {/home/muonuser/gitfolder/phase2_MiniDAQ_Robert/.Xil/vivado_lab-27611-localhost.localdomain/hw_1/wave/hw_ila_data_4/hw_ila_data_4.wcfg}
save_wave_config {/home/muonuser/gitfolder/phase2_MiniDAQ_Robert/.Xil/vivado_lab-27611-localhost.localdomain/hw_1/wave/hw_ila_data_5/hw_ila_data_5.wcfg}
save_wave_config {/home/muonuser/gitfolder/phase2_MiniDAQ_Robert/.Xil/vivado_lab-27611-localhost.localdomain/hw_1/wave/hw_ila_data_6/hw_ila_data_6.wcfg}
save_wave_config {/home/muonuser/gitfolder/phase2_MiniDAQ_Robert/.Xil/vivado_lab-27611-localhost.localdomain/hw_1/wave/hw_ila_data_7/hw_ila_data_7.wcfg}
save_wave_config {/home/muonuser/gitfolder/phase2_MiniDAQ_Robert/.Xil/vivado_lab-27611-localhost.localdomain/hw_1/wave/hw_ila_data_8/hw_ila_data_8.wcfg}
save_wave_config {/home/muonuser/gitfolder/phase2_MiniDAQ_Robert/.Xil/vivado_lab-27611-localhost.localdomain/hw_1/wave/hw_ila_data_9/hw_ila_data_9.wcfg}
save_wave_config {/home/muonuser/gitfolder/phase2_MiniDAQ_Robert/.Xil/vivado_lab-27611-localhost.localdomain/hw_1/wave/hw_ila_data_10/hw_ila_data_10.wcfg}
save_wave_config {/home/muonuser/gitfolder/phase2_MiniDAQ_Robert/.Xil/vivado_lab-27611-localhost.localdomain/hw_1/wave/hw_ila_data_11/hw_ila_data_11.wcfg}
save_wave_config {/home/muonuser/gitfolder/phase2_MiniDAQ_Robert/.Xil/vivado_lab-27611-localhost.localdomain/hw_1/wave/hw_ila_data_12/hw_ila_data_12.wcfg}
save_wave_config {/home/muonuser/gitfolder/phase2_MiniDAQ_Robert/.Xil/vivado_lab-27611-localhost.localdomain/hw_1/wave/hw_ila_data_13/hw_ila_data_13.wcfg}
exit
INFO: [Common 17-206] Exiting vivado_lab at Tue Oct 10 15:19:07 2023...
