#-----------------------------------------------------------
# Vivado Lab Edition v2019.2 (64-bit)
# SW Build 2708876 on Wed Nov  6 21:39:14 MST 2019
# 
# Start of session at: Tue Nov  7 09:41:21 2023
# Process ID: 21253
# Current directory: /home/muonuser/gitfolder/phase2_MiniDAQ_Robert/ROOT_plot
# Command line: vivado_lab
# Log file: /home/muonuser/gitfolder/phase2_MiniDAQ_Robert/ROOT_plot/vivado_lab.log
# Journal file: /home/muonuser/gitfolder/phase2_MiniDAQ_Robert/ROOT_plot/vivado_lab.jou
#-----------------------------------------------------------
start_gui
open_hw_manager
INFO: [Labtools 27-2285] Connecting to hw_server url TCP:localhost:3121
INFO: [Labtools 27-2222] Launching hw_server...
INFO: [Labtools 27-2221] Launch Output:

****** Xilinx hw_server v2019.2
  **** Build date : Nov  6 2019 at 22:13:42
    ** Copyright 1986-2019 Xilinx, Inc. All Rights Reserved.


INFO: [Labtools 27-3415] Connecting to cs_server url TCP:localhost:3042
INFO: [Labtools 27-3417] Launching cs_server...
INFO: [Labtools 27-2221] Launch Output:
[?1034h

****** Xilinx cs_server v2019.2.0
  **** Build date : Nov 03 2023-01:01:18
    ** Copyright 2017-2019 Xilinx, Inc. All Rights Reserved.



connect_hw_server -url localhost:3121 -allow_non_jtag
INFO: [Labtools 27-2285] Connecting to hw_server url TCP:localhost:3121
INFO: [Labtools 27-3415] Connecting to cs_server url TCP:localhost:3042
INFO: [Labtools 27-3414] Connected to existing cs_server.
current_hw_target [get_hw_targets */xilinx_tcf/Xilinx/00000000000000]
set_property PARAM.FREQUENCY 3000000 [get_hw_targets */xilinx_tcf/Xilinx/00000000000000]
open_hw_target
INFO: [Labtoolstcl 44-466] Opening hw_target localhost:3121/xilinx_tcf/Xilinx/00000000000000
current_hw_device [get_hw_devices xcku035_0]
refresh_hw_device -update_hw_probes false [lindex [get_hw_devices xcku035_0] 0]
INFO: [Labtools 27-2302] Device xcku035 (JTAG device index = 0) is programmed with a design that has 3 ILA core(s).
INFO: [Labtools 27-2302] Device xcku035 (JTAG device index = 0) is programmed with a design that has 10 VIO core(s).
refresh_hw_device: Time (s): cpu = 00:00:25 ; elapsed = 00:00:13 . Memory (MB): peak = 7228.699 ; gain = 1052.141 ; free physical = 2174 ; free virtual = 40686
