#-----------------------------------------------------------
# Vivado Lab Edition v2019.2 (64-bit)
# SW Build 2708876 on Wed Nov  6 21:39:14 MST 2019
# 
# Start of session at: Mon Apr  5 23:34:58 2021
# Process ID: 18188
# Current directory: /home/muonuser/git_folder/phase2_MiniDAQ/DAQ
# Command line: vivado_lab
# Log file: /home/muonuser/git_folder/phase2_MiniDAQ/DAQ/vivado_lab.log
# Journal file: /home/muonuser/git_folder/phase2_MiniDAQ/DAQ/vivado_lab.jou
#-----------------------------------------------------------
start_gui
open_hw_manager
INFO: [Labtools 27-2285] Connecting to hw_server url TCP:localhost:3121
INFO: [Labtools 27-3415] Connecting to cs_server url TCP:localhost:3042
INFO: [Labtools 27-3414] Connected to existing cs_server.
connect_hw_server -url localhost:3121 -allow_non_jtag
INFO: [Labtools 27-2285] Connecting to hw_server url TCP:localhost:3121
INFO: [Labtools 27-3415] Connecting to cs_server url TCP:localhost:3042
INFO: [Labtools 27-3414] Connected to existing cs_server.
current_hw_target [get_hw_targets */xilinx_tcf/Xilinx/000017def52c01]
set_property PARAM.FREQUENCY 6000000 [get_hw_targets */xilinx_tcf/Xilinx/000017def52c01]
open_hw_target
INFO: [Labtoolstcl 44-466] Opening hw_target localhost:3121/xilinx_tcf/Xilinx/000017def52c01
current_hw_device [get_hw_devices xcku035_0]
refresh_hw_device -update_hw_probes false [lindex [get_hw_devices xcku035_0] 0]
INFO: [Labtools 27-2302] Device xcku035 (JTAG device index = 0) is programmed with a design that has 2 ILA core(s).
INFO: [Labtools 27-2302] Device xcku035 (JTAG device index = 0) is programmed with a design that has 1 JTAG AXI core(s).
INFO: [Labtools 27-2302] Device xcku035 (JTAG device index = 0) is programmed with a design that has 4 VIO core(s).
refresh_hw_device: Time (s): cpu = 00:00:18 ; elapsed = 00:00:11 . Memory (MB): peak = 7236.387 ; gain = 1075.285 ; free physical = 15363 ; free virtual = 36139
set_property PROBES.FILE {/home/muonuser/git_folder/phase2_MiniDAQ/firmware/lpgbtfpga_xcku035_10g24_top.ltx} [get_hw_devices xcku035_0]
set_property FULL_PROBES.FILE {/home/muonuser/git_folder/phase2_MiniDAQ/firmware/lpgbtfpga_xcku035_10g24_top.ltx} [get_hw_devices xcku035_0]
refresh_hw_device [lindex [get_hw_devices xcku035_0] 0]
INFO: [Labtools 27-2302] Device xcku035 (JTAG device index = 0) is programmed with a design that has 2 ILA core(s).
INFO: [Labtools 27-2302] Device xcku035 (JTAG device index = 0) is programmed with a design that has 1 JTAG AXI core(s).
INFO: [Labtools 27-2302] Device xcku035 (JTAG device index = 0) is programmed with a design that has 4 VIO core(s).
INFO: [Labtools 27-1889] Uploading output probe values for VIO core [hw_vio_1]
INFO: [Labtools 27-1889] Uploading output probe values for VIO core [hw_vio_2]
INFO: [Labtools 27-1889] Uploading output probe values for VIO core [hw_vio_3]
INFO: [Labtools 27-1889] Uploading output probe values for VIO core [hw_vio_4]
refresh_hw_device: Time (s): cpu = 00:00:04 ; elapsed = 00:00:08 . Memory (MB): peak = 7258.773 ; gain = 0.000 ; free physical = 15375 ; free virtual = 36151
display_hw_ila_data [ get_hw_ila_data hw_ila_data_1 -of_objects [get_hw_ilas -of_objects [get_hw_devices xcku035_0] -filter {CELL_NAME=~"tdc_decoder_top_inst/inst_event_builder/ila_event_builder_inst"}]]
display_hw_ila_data [ get_hw_ila_data hw_ila_data_2 -of_objects [get_hw_ilas -of_objects [get_hw_devices xcku035_0] -filter {CELL_NAME=~"tdc_decoder_top_inst/inst_trigger_interface/ila_trigger_interface_inst"}]]
startgroup
set_property OUTPUT_VALUE 1 [get_hw_probes uplinkRst_i -of_objects [get_hw_vios -of_objects [get_hw_devices xcku035_0] -filter {CELL_NAME=~"vio_debug_inst"}]]
commit_hw_vio [get_hw_probes {uplinkRst_i} -of_objects [get_hw_vios -of_objects [get_hw_devices xcku035_0] -filter {CELL_NAME=~"vio_debug_inst"}]]
endgroup
startgroup
set_property OUTPUT_VALUE 0 [get_hw_probes uplinkRst_i -of_objects [get_hw_vios -of_objects [get_hw_devices xcku035_0] -filter {CELL_NAME=~"vio_debug_inst"}]]
commit_hw_vio [get_hw_probes {uplinkRst_i} -of_objects [get_hw_vios -of_objects [get_hw_devices xcku035_0] -filter {CELL_NAME=~"vio_debug_inst"}]]
endgroup
set_property INPUT_VALUE_RADIX BINARY [get_hw_probes tdc_decoder_top_inst/locked_dline0 -of_objects [get_hw_vios -of_objects [get_hw_devices xcku035_0] -filter {CELL_NAME=~"tdc_decoder_top_inst/vio_40M_inst"}]]
set_property INPUT_VALUE_RADIX BINARY [get_hw_probes tdc_decoder_top_inst/locked_dline1 -of_objects [get_hw_vios -of_objects [get_hw_devices xcku035_0] -filter {CELL_NAME=~"tdc_decoder_top_inst/vio_40M_inst"}]]
startgroup
set_property OUTPUT_VALUE 1 [get_hw_probes tdc_decoder_top_inst/global_rst -of_objects [get_hw_vios -of_objects [get_hw_devices xcku035_0] -filter {CELL_NAME=~"tdc_decoder_top_inst/vio_40M_inst"}]]
commit_hw_vio [get_hw_probes {tdc_decoder_top_inst/global_rst} -of_objects [get_hw_vios -of_objects [get_hw_devices xcku035_0] -filter {CELL_NAME=~"tdc_decoder_top_inst/vio_40M_inst"}]]
endgroup
startgroup
set_property OUTPUT_VALUE 0 [get_hw_probes tdc_decoder_top_inst/global_rst -of_objects [get_hw_vios -of_objects [get_hw_devices xcku035_0] -filter {CELL_NAME=~"tdc_decoder_top_inst/vio_40M_inst"}]]
commit_hw_vio [get_hw_probes {tdc_decoder_top_inst/global_rst} -of_objects [get_hw_vios -of_objects [get_hw_devices xcku035_0] -filter {CELL_NAME=~"tdc_decoder_top_inst/vio_40M_inst"}]]
endgroup
set_property TRIGGER_COMPARE_VALUE neq10'hXXX [get_hw_probes tdc_decoder_top_inst/inst_event_builder/hit_count -of_objects [get_hw_ilas -of_objects [get_hw_devices xcku035_0] -filter {CELL_NAME=~"tdc_decoder_top_inst/inst_event_builder/ila_event_builder_inst"}]]
set_property TRIGGER_COMPARE_VALUE neq10'h000 [get_hw_probes tdc_decoder_top_inst/inst_event_builder/hit_count -of_objects [get_hw_ilas -of_objects [get_hw_devices xcku035_0] -filter {CELL_NAME=~"tdc_decoder_top_inst/inst_event_builder/ila_event_builder_inst"}]]
run_hw_ila [get_hw_ilas -of_objects [get_hw_devices xcku035_0] -filter {CELL_NAME=~"tdc_decoder_top_inst/inst_event_builder/ila_event_builder_inst"}]
INFO: [Labtools 27-1964] The ILA core 'hw_ila_1' trigger was armed at 2021-Apr-06 00:31:32
wait_on_hw_ila [get_hw_ilas -of_objects [get_hw_devices xcku035_0] -filter {CELL_NAME=~"tdc_decoder_top_inst/inst_event_builder/ila_event_builder_inst"}]
display_hw_ila_data [upload_hw_ila_data [get_hw_ilas -of_objects [get_hw_devices xcku035_0] -filter {CELL_NAME=~"tdc_decoder_top_inst/inst_event_builder/ila_event_builder_inst"}]]
INFO: [Labtools 27-1966] The ILA core 'hw_ila_1' triggered at 2021-Apr-06 00:31:34
INFO: [Labtools 27-3304] ILA Waveform data saved to file /home/muonuser/git_folder/phase2_MiniDAQ/DAQ/.Xil/vivado_lab-18188-localhost.localdomain/backup/hw_ila_data_1.ila. Use Tcl command 'read_hw_ila_data' or Vivado File->Import->Import ILA Data menu item to import the previously saved data.
