#-----------------------------------------------------------
# Vivado Lab Edition v2019.2 (64-bit)
# SW Build 2708876 on Wed Nov  6 21:39:14 MST 2019
# 
# Start of session at: Mon Apr  5 23:29:21 2021
# Process ID: 14215
# Current directory: /home/muonuser/git_folder/phase2_MiniDAQ/DAQ
# Command line: vivado_lab
# Log file: /home/muonuser/git_folder/phase2_MiniDAQ/DAQ/vivado_lab.log
# Journal file: /home/muonuser/git_folder/phase2_MiniDAQ/DAQ/vivado_lab.jou
#-----------------------------------------------------------
start_gui
open_hw_manager
connect_hw_server -url localhost:3121 -allow_non_jtag
INFO: [Labtools 27-2285] Connecting to hw_server url TCP:localhost:3121
INFO: [Labtools 27-3415] Connecting to cs_server url TCP:localhost:3042
INFO: [Labtools 27-3414] Connected to existing cs_server.
current_hw_target [get_hw_targets */xilinx_tcf/Xilinx/00001b3479ed01]
set_property PARAM.FREQUENCY 6000000 [get_hw_targets */xilinx_tcf/Xilinx/00001b3479ed01]
open_hw_target
INFO: [Labtoolstcl 44-466] Opening hw_target localhost:3121/xilinx_tcf/Xilinx/00001b3479ed01
current_hw_device [get_hw_devices xc7a35t_0]
refresh_hw_device -update_hw_probes false [lindex [get_hw_devices xc7a35t_0] 0]
WARNING: [Xicom 50-38] xicom: No CseXsdb register file specified for CseXsdb slave type: 0, cse driver version: 0. Slave initialization skipped.
WARNING: [Xicom 50-38] xicom: No CseXsdb register file specified for CseXsdb slave type: 0, cse driver version: 0. Slave initialization skipped.
WARNING: [Xicom 50-38] xicom: No CseXsdb register file specified for CseXsdb slave type: 0, cse driver version: 0. Slave initialization skipped.
WARNING: [Xicom 50-38] xicom: No CseXsdb register file specified for CseXsdb slave type: 0, cse driver version: 0. Slave initialization skipped.
WARNING: [Xicom 50-38] xicom: No CseXsdb register file specified for CseXsdb slave type: 0, cse driver version: 0. Slave initialization skipped.
WARNING: [Xicom 50-38] xicom: No CseXsdb register file specified for CseXsdb slave type: 0, cse driver version: 0. Slave initialization skipped.
WARNING: [Xicom 50-38] xicom: No CseXsdb register file specified for CseXsdb slave type: 0, cse driver version: 0. Slave initialization skipped.
WARNING: [Xicom 50-38] xicom: No CseXsdb register file specified for CseXsdb slave type: 0, cse driver version: 0. Slave initialization skipped.
WARNING: [Xicom 50-38] xicom: No CseXsdb register file specified for CseXsdb slave type: 0, cse driver version: 0. Slave initialization skipped.
WARNING: [Xicom 50-38] xicom: No CseXsdb register file specified for CseXsdb slave type: 0, cse driver version: 0. Slave initialization skipped.
INFO: [Labtools 27-1434] Device xc7a35t (JTAG device index = 0) is programmed with a design that has no supported debug core(s) in it.
refresh_hw_device [lindex [get_hw_devices xc7a35t_0] 0]
INFO: [Labtools 27-1434] Device xc7a35t (JTAG device index = 0) is programmed with a design that has no supported debug core(s) in it.
set_property PROBES.FILE {/home/muonuser/git_folder/phase2_MiniDAQ/lpGBT_CSM/firmware/lpgbtcsm_fpga_top.ltx} [get_hw_devices xc7a35t_0]
set_property FULL_PROBES.FILE {/home/muonuser/git_folder/phase2_MiniDAQ/lpGBT_CSM/firmware/lpgbtcsm_fpga_top.ltx} [get_hw_devices xc7a35t_0]
set_property PROGRAM.FILE {/home/muonuser/git_folder/phase2_MiniDAQ/lpGBT_CSM/firmware/lpgbtcsm_fpga_top.bit} [get_hw_devices xc7a35t_0]
program_hw_devices [get_hw_devices xc7a35t_0]
INFO: [Labtools 27-3164] End of startup status: HIGH
program_hw_devices: Time (s): cpu = 00:00:07 ; elapsed = 00:00:07 . Memory (MB): peak = 7253.594 ; gain = 0.000 ; free physical = 16234 ; free virtual = 37061
refresh_hw_device [lindex [get_hw_devices xc7a35t_0] 0]
WARNING: [Xicom 50-38] xicom: No CseXsdb register file specified for CseXsdb slave type: 0, cse driver version: 0. Slave initialization skipped.
WARNING: [Xicom 50-38] xicom: No CseXsdb register file specified for CseXsdb slave type: 0, cse driver version: 0. Slave initialization skipped.
WARNING: [Xicom 50-38] xicom: No CseXsdb register file specified for CseXsdb slave type: 0, cse driver version: 0. Slave initialization skipped.
WARNING: [Xicom 50-38] xicom: No CseXsdb register file specified for CseXsdb slave type: 0, cse driver version: 0. Slave initialization skipped.
WARNING: [Xicom 50-38] xicom: No CseXsdb register file specified for CseXsdb slave type: 0, cse driver version: 0. Slave initialization skipped.
WARNING: [Xicom 50-38] xicom: No CseXsdb register file specified for CseXsdb slave type: 0, cse driver version: 0. Slave initialization skipped.
WARNING: [Xicom 50-38] xicom: No CseXsdb register file specified for CseXsdb slave type: 0, cse driver version: 0. Slave initialization skipped.
WARNING: [Xicom 50-38] xicom: No CseXsdb register file specified for CseXsdb slave type: 0, cse driver version: 0. Slave initialization skipped.
WARNING: [Xicom 50-38] xicom: No CseXsdb register file specified for CseXsdb slave type: 0, cse driver version: 0. Slave initialization skipped.
WARNING: [Xicom 50-38] xicom: No CseXsdb register file specified for CseXsdb slave type: 0, cse driver version: 0. Slave initialization skipped.
INFO: [Labtools 27-1434] Device xc7a35t (JTAG device index = 0) is programmed with a design that has no supported debug core(s) in it.
WARNING: [Labtools 27-3361] The debug hub core was not detected.
Resolution: 
1. Make sure the clock connected to the debug hub (dbg_hub) core is a free running clock and is active.
2. Make sure the BSCAN_SWITCH_USER_MASK device property in Vivado Hardware Manager reflects the user scan chain setting in the design and refresh the device.  To determine the user scan chain setting in the design, open the implemented design and use 'get_property C_USER_SCAN_CHAIN [get_debug_cores dbg_hub]'.
For more details on setting the scan chain property, consult the Vivado Debug and Programming User Guide (UG908).
WARNING: [Labtools 27-3413] Dropping logic core with cellname:'inst_Mezz_config/inst_mezz_config_vio/vio_setup0_inst' at location 'uuid_256E991790F35590AE1920456D0E3A71' from probes file, since it cannot be found on the programmed device.
WARNING: [Labtools 27-3413] Dropping logic core with cellname:'vio_top_inst' at location 'uuid_3446F850A31251DD9E0E1C0298711D74' from probes file, since it cannot be found on the programmed device.
WARNING: [Labtools 27-3413] Dropping logic core with cellname:'inst_Mezz_config/inst_mezz_config_vio/vio_setup1_inst' at location 'uuid_67CC029B78845182A6199116BE5F28AF' from probes file, since it cannot be found on the programmed device.
WARNING: [Labtools 27-3413] Dropping logic core with cellname:'inst_Mezz_config/inst_mezz_config_vio/vio_setup2_inst' at location 'uuid_6F183A2248435C84B50389899D027826' from probes file, since it cannot be found on the programmed device.
WARNING: [Labtools 27-3413] Dropping logic core with cellname:'inst_JTAG_master/ila_jtag_master_inst' at location 'uuid_9BABC258A26D546694A68BD6ADBE1E8A' from probes file, since it cannot be found on the programmed device.
WARNING: [Labtools 27-3413] Dropping logic core with cellname:'inst_Mezz_config/inst_mezz_config_vio/vio_asd_setup_inst' at location 'uuid_C2C45EAEC999541EA1A06680B9DFE12E' from probes file, since it cannot be found on the programmed device.
WARNING: [Labtools 27-3413] Dropping logic core with cellname:'inst_Mezz_config/inst_mezz_config_vio/vio_control0_inst' at location 'uuid_C32336480EA65F2AAA6E1BBF60B93A64' from probes file, since it cannot be found on the programmed device.
WARNING: [Labtools 27-3413] Dropping logic core with cellname:'inst_Mezz_config/ila_config_mezz_inst' at location 'uuid_C56210BC0B315A269FBA4394A5008855' from probes file, since it cannot be found on the programmed device.
WARNING: [Labtools 27-3413] Dropping logic core with cellname:'inst_Mezz_config/inst_mezz_config_vio/vio_control1_inst' at location 'uuid_DE9D3CCDB133524880423D82B037267E' from probes file, since it cannot be found on the programmed device.
WARNING: [Labtools 27-3413] Dropping logic core with cellname:'ila_top_inst' at location 'uuid_E2AC59697EEC56B1889A729BAC2D5528' from probes file, since it cannot be found on the programmed device.
refresh_hw_device [lindex [get_hw_devices xc7a35t_0] 0]
INFO: [Labtools 27-2302] Device xc7a35t (JTAG device index = 0) is programmed with a design that has 3 ILA core(s).
INFO: [Labtools 27-2302] Device xc7a35t (JTAG device index = 0) is programmed with a design that has 7 VIO core(s).
INFO: [Labtools 27-1889] Uploading output probe values for VIO core [hw_vio_1]
INFO: [Labtools 27-1889] Uploading output probe values for VIO core [hw_vio_2]
INFO: [Labtools 27-1889] Uploading output probe values for VIO core [hw_vio_3]
INFO: [Labtools 27-1889] Uploading output probe values for VIO core [hw_vio_4]
INFO: [Labtools 27-1889] Uploading output probe values for VIO core [hw_vio_5]
INFO: [Labtools 27-1889] Uploading output probe values for VIO core [hw_vio_6]
INFO: [Labtools 27-1889] Uploading output probe values for VIO core [hw_vio_7]
refresh_hw_device: Time (s): cpu = 00:00:22 ; elapsed = 00:00:12 . Memory (MB): peak = 7287.426 ; gain = 33.832 ; free physical = 15304 ; free virtual = 36084
display_hw_ila_data [ get_hw_ila_data hw_ila_data_1 -of_objects [get_hw_ilas -of_objects [get_hw_devices xc7a35t_0] -filter {CELL_NAME=~"ila_top_inst"}]]
display_hw_ila_data [ get_hw_ila_data hw_ila_data_2 -of_objects [get_hw_ilas -of_objects [get_hw_devices xc7a35t_0] -filter {CELL_NAME=~"inst_JTAG_master/ila_jtag_master_inst"}]]
display_hw_ila_data [ get_hw_ila_data hw_ila_data_3 -of_objects [get_hw_ilas -of_objects [get_hw_devices xc7a35t_0] -filter {CELL_NAME=~"inst_Mezz_config/ila_config_mezz_inst"}]]
commit_hw_vio [get_hw_vios -of_objects [get_hw_devices xc7a35t_0] -filter {CELL_NAME=~"inst_Mezz_config/inst_mezz_config_vio/vio_asd_setup_inst"}]\
  [get_hw_vios -of_objects [get_hw_devices xc7a35t_0] -filter {CELL_NAME=~"inst_Mezz_config/inst_mezz_config_vio/vio_control0_inst"}]\
  [get_hw_vios -of_objects [get_hw_devices xc7a35t_0] -filter {CELL_NAME=~"inst_Mezz_config/inst_mezz_config_vio/vio_control1_inst"}]\
  [get_hw_vios -of_objects [get_hw_devices xc7a35t_0] -filter {CELL_NAME=~"inst_Mezz_config/inst_mezz_config_vio/vio_setup0_inst"}]\
  [get_hw_vios -of_objects [get_hw_devices xc7a35t_0] -filter {CELL_NAME=~"inst_Mezz_config/inst_mezz_config_vio/vio_setup1_inst"}]\
  [get_hw_vios -of_objects [get_hw_devices xc7a35t_0] -filter {CELL_NAME=~"inst_Mezz_config/inst_mezz_config_vio/vio_setup2_inst"}]\
  [get_hw_vios -of_objects [get_hw_devices xc7a35t_0] -filter {CELL_NAME=~"vio_top_inst"}]
set_property OUTPUT_VALUE 000000 [get_hw_probes inst_Mezz_config/inst_mezz_config_vio/channel_enable_f -of_objects [get_hw_vios -of_objects [get_hw_devices xc7a35t_0] -filter {CELL_NAME=~"inst_Mezz_config/inst_mezz_config_vio/vio_setup0_inst"}]]
commit_hw_vio [get_hw_probes {inst_Mezz_config/inst_mezz_config_vio/channel_enable_f} -of_objects [get_hw_vios -of_objects [get_hw_devices xc7a35t_0] -filter {CELL_NAME=~"inst_Mezz_config/inst_mezz_config_vio/vio_setup0_inst"}]]
set_property OUTPUT_VALUE 000000 [get_hw_probes inst_Mezz_config/inst_mezz_config_vio/channel_enable_r -of_objects [get_hw_vios -of_objects [get_hw_devices xc7a35t_0] -filter {CELL_NAME=~"inst_Mezz_config/inst_mezz_config_vio/vio_setup0_inst"}]]
commit_hw_vio [get_hw_probes {inst_Mezz_config/inst_mezz_config_vio/channel_enable_r} -of_objects [get_hw_vios -of_objects [get_hw_devices xc7a35t_0] -filter {CELL_NAME=~"inst_Mezz_config/inst_mezz_config_vio/vio_setup0_inst"}]]
startgroup
set_property OUTPUT_VALUE 1 [get_hw_probes rst_global -of_objects [get_hw_vios -of_objects [get_hw_devices xc7a35t_0] -filter {CELL_NAME=~"vio_top_inst"}]]
commit_hw_vio [get_hw_probes {rst_global} -of_objects [get_hw_vios -of_objects [get_hw_devices xc7a35t_0] -filter {CELL_NAME=~"vio_top_inst"}]]
endgroup
startgroup
set_property OUTPUT_VALUE 0 [get_hw_probes rst_global -of_objects [get_hw_vios -of_objects [get_hw_devices xc7a35t_0] -filter {CELL_NAME=~"vio_top_inst"}]]
commit_hw_vio [get_hw_probes {rst_global} -of_objects [get_hw_vios -of_objects [get_hw_devices xc7a35t_0] -filter {CELL_NAME=~"vio_top_inst"}]]
endgroup
startgroup
set_property OUTPUT_VALUE 1 [get_hw_probes TDC_config -of_objects [get_hw_vios -of_objects [get_hw_devices xc7a35t_0] -filter {CELL_NAME=~"vio_top_inst"}]]
commit_hw_vio [get_hw_probes {TDC_config} -of_objects [get_hw_vios -of_objects [get_hw_devices xc7a35t_0] -filter {CELL_NAME=~"vio_top_inst"}]]
endgroup
startgroup
set_property OUTPUT_VALUE 0 [get_hw_probes TDC_config -of_objects [get_hw_vios -of_objects [get_hw_devices xc7a35t_0] -filter {CELL_NAME=~"vio_top_inst"}]]
commit_hw_vio [get_hw_probes {TDC_config} -of_objects [get_hw_vios -of_objects [get_hw_devices xc7a35t_0] -filter {CELL_NAME=~"vio_top_inst"}]]
endgroup
startgroup
set_property OUTPUT_VALUE 1 [get_hw_probes ASD_config -of_objects [get_hw_vios -of_objects [get_hw_devices xc7a35t_0] -filter {CELL_NAME=~"vio_top_inst"}]]
commit_hw_vio [get_hw_probes {ASD_config} -of_objects [get_hw_vios -of_objects [get_hw_devices xc7a35t_0] -filter {CELL_NAME=~"vio_top_inst"}]]
endgroup
startgroup
set_property OUTPUT_VALUE 0 [get_hw_probes ASD_config -of_objects [get_hw_vios -of_objects [get_hw_devices xc7a35t_0] -filter {CELL_NAME=~"vio_top_inst"}]]
commit_hw_vio [get_hw_probes {ASD_config} -of_objects [get_hw_vios -of_objects [get_hw_devices xc7a35t_0] -filter {CELL_NAME=~"vio_top_inst"}]]
endgroup
startgroup
set_property OUTPUT_VALUE 1 [get_hw_probes rst_global -of_objects [get_hw_vios -of_objects [get_hw_devices xc7a35t_0] -filter {CELL_NAME=~"vio_top_inst"}]]
commit_hw_vio [get_hw_probes {rst_global} -of_objects [get_hw_vios -of_objects [get_hw_devices xc7a35t_0] -filter {CELL_NAME=~"vio_top_inst"}]]
endgroup
startgroup
set_property OUTPUT_VALUE 0 [get_hw_probes rst_global -of_objects [get_hw_vios -of_objects [get_hw_devices xc7a35t_0] -filter {CELL_NAME=~"vio_top_inst"}]]
commit_hw_vio [get_hw_probes {rst_global} -of_objects [get_hw_vios -of_objects [get_hw_devices xc7a35t_0] -filter {CELL_NAME=~"vio_top_inst"}]]
endgroup
startgroup
set_property OUTPUT_VALUE 1 [get_hw_probes TDC_config -of_objects [get_hw_vios -of_objects [get_hw_devices xc7a35t_0] -filter {CELL_NAME=~"vio_top_inst"}]]
commit_hw_vio [get_hw_probes {TDC_config} -of_objects [get_hw_vios -of_objects [get_hw_devices xc7a35t_0] -filter {CELL_NAME=~"vio_top_inst"}]]
endgroup
startgroup
set_property OUTPUT_VALUE 0 [get_hw_probes TDC_config -of_objects [get_hw_vios -of_objects [get_hw_devices xc7a35t_0] -filter {CELL_NAME=~"vio_top_inst"}]]
commit_hw_vio [get_hw_probes {TDC_config} -of_objects [get_hw_vios -of_objects [get_hw_devices xc7a35t_0] -filter {CELL_NAME=~"vio_top_inst"}]]
endgroup
startgroup
set_property OUTPUT_VALUE 1 [get_hw_probes ASD_config -of_objects [get_hw_vios -of_objects [get_hw_devices xc7a35t_0] -filter {CELL_NAME=~"vio_top_inst"}]]
commit_hw_vio [get_hw_probes {ASD_config} -of_objects [get_hw_vios -of_objects [get_hw_devices xc7a35t_0] -filter {CELL_NAME=~"vio_top_inst"}]]
endgroup
startgroup
set_property OUTPUT_VALUE 0 [get_hw_probes ASD_config -of_objects [get_hw_vios -of_objects [get_hw_devices xc7a35t_0] -filter {CELL_NAME=~"vio_top_inst"}]]
commit_hw_vio [get_hw_probes {ASD_config} -of_objects [get_hw_vios -of_objects [get_hw_devices xc7a35t_0] -filter {CELL_NAME=~"vio_top_inst"}]]
endgroup
set_property OUTPUT_VALUE 000001 [get_hw_probes inst_Mezz_config/inst_mezz_config_vio/channel_enable_f -of_objects [get_hw_vios -of_objects [get_hw_devices xc7a35t_0] -filter {CELL_NAME=~"inst_Mezz_config/inst_mezz_config_vio/vio_setup0_inst"}]]
commit_hw_vio [get_hw_probes {inst_Mezz_config/inst_mezz_config_vio/channel_enable_f} -of_objects [get_hw_vios -of_objects [get_hw_devices xc7a35t_0] -filter {CELL_NAME=~"inst_Mezz_config/inst_mezz_config_vio/vio_setup0_inst"}]]
set_property OUTPUT_VALUE 000001 [get_hw_probes inst_Mezz_config/inst_mezz_config_vio/channel_enable_r -of_objects [get_hw_vios -of_objects [get_hw_devices xc7a35t_0] -filter {CELL_NAME=~"inst_Mezz_config/inst_mezz_config_vio/vio_setup0_inst"}]]
commit_hw_vio [get_hw_probes {inst_Mezz_config/inst_mezz_config_vio/channel_enable_r} -of_objects [get_hw_vios -of_objects [get_hw_devices xc7a35t_0] -filter {CELL_NAME=~"inst_Mezz_config/inst_mezz_config_vio/vio_setup0_inst"}]]
startgroup
set_property OUTPUT_VALUE 1 [get_hw_probes TDC_config -of_objects [get_hw_vios -of_objects [get_hw_devices xc7a35t_0] -filter {CELL_NAME=~"vio_top_inst"}]]
commit_hw_vio [get_hw_probes {TDC_config} -of_objects [get_hw_vios -of_objects [get_hw_devices xc7a35t_0] -filter {CELL_NAME=~"vio_top_inst"}]]
endgroup
startgroup
set_property OUTPUT_VALUE 0 [get_hw_probes TDC_config -of_objects [get_hw_vios -of_objects [get_hw_devices xc7a35t_0] -filter {CELL_NAME=~"vio_top_inst"}]]
commit_hw_vio [get_hw_probes {TDC_config} -of_objects [get_hw_vios -of_objects [get_hw_devices xc7a35t_0] -filter {CELL_NAME=~"vio_top_inst"}]]
endgroup
